<?xml version="1.0" encoding="utf-8" standalone="no"?>
<test-results xmlns:xsi="http://www.w3.org/2001/XMLSchema-instance" xsi:noNamespaceSchemaLocation="nunit_schema_2.5.xsd" name="Pester" total="757" errors="0" failures="6" not-run="0" inconclusive="0" ignored="0" skipped="0" invalid="0" date="2016-10-20" time="00:19:02">
  <environment user="Ryan" machine-name="LENOVO-10" cwd="GitHub:\kilasuit\Lability" user-domain="LENOVO-10" platform="Microsoft Windows 10 Pro Insider Preview|C:\WINDOWS|\Device\Harddisk0\Partition5" nunit-version="2.5.8.0" os-version="10.0.14946" clr-version="4.0.30319.42000" />
  <culture-info current-culture="en-GB" current-uiculture="en-US" />
  <test-suite type="Powershell" name="Pester" executed="True" result="Failure" success="False" time="355.6951" asserts="0">
    <results>
      <test-suite type="TestFixture" name="Testing Private Function  - AddDiskImageHotfix for Standard Processing" executed="True" result="Success" success="True" time="1.8754" asserts="0" description="Testing Private Function  - AddDiskImageHotfix for Standard Processing">
        <results>
          <test-case description="Is valid Powershell (Has no script errors)" name="Testing Private Function  - AddDiskImageHotfix for Standard Processing.Is valid Powershell (Has no script errors)" time="1.8754" asserts="0" success="True" result="Success" executed="True" />
        </results>
      </test-suite>
      <test-suite type="TestFixture" name="Testing Private Function  - AddDiskImagePackage for Standard Processing" executed="True" result="Success" success="True" time="0.0583" asserts="0" description="Testing Private Function  - AddDiskImagePackage for Standard Processing">
        <results>
          <test-case description="Is valid Powershell (Has no script errors)" name="Testing Private Function  - AddDiskImagePackage for Standard Processing.Is valid Powershell (Has no script errors)" time="0.0583" asserts="0" success="True" result="Success" executed="True" />
        </results>
      </test-suite>
      <test-suite type="TestFixture" name="Testing Private Function  - AddWindowsOptionalFeature for Standard Processing" executed="True" result="Success" success="True" time="0.0624" asserts="0" description="Testing Private Function  - AddWindowsOptionalFeature for Standard Processing">
        <results>
          <test-case description="Is valid Powershell (Has no script errors)" name="Testing Private Function  - AddWindowsOptionalFeature for Standard Processing.Is valid Powershell (Has no script errors)" time="0.0624" asserts="0" success="True" result="Success" executed="True" />
        </results>
      </test-suite>
      <test-suite type="TestFixture" name="Testing Private Function  - AddWindowsPackage for Standard Processing" executed="True" result="Success" success="True" time="0.0758" asserts="0" description="Testing Private Function  - AddWindowsPackage for Standard Processing">
        <results>
          <test-case description="Is valid Powershell (Has no script errors)" name="Testing Private Function  - AddWindowsPackage for Standard Processing.Is valid Powershell (Has no script errors)" time="0.0758" asserts="0" success="True" result="Success" executed="True" />
        </results>
      </test-suite>
      <test-suite type="TestFixture" name="Testing Private Function  - CloseGitHubZipArchive for Standard Processing" executed="True" result="Success" success="True" time="0.0625" asserts="0" description="Testing Private Function  - CloseGitHubZipArchive for Standard Processing">
        <results>
          <test-case description="Is valid Powershell (Has no script errors)" name="Testing Private Function  - CloseGitHubZipArchive for Standard Processing.Is valid Powershell (Has no script errors)" time="0.0625" asserts="0" success="True" result="Success" executed="True" />
        </results>
      </test-suite>
      <test-suite type="TestFixture" name="Testing Private Function  - CloseZipArchive for Standard Processing" executed="True" result="Success" success="True" time="0.0875" asserts="0" description="Testing Private Function  - CloseZipArchive for Standard Processing">
        <results>
          <test-case description="Is valid Powershell (Has no script errors)" name="Testing Private Function  - CloseZipArchive for Standard Processing.Is valid Powershell (Has no script errors)" time="0.0875" asserts="0" success="True" result="Success" executed="True" />
        </results>
      </test-suite>
      <test-suite type="TestFixture" name="Testing Private Function  - ConvertPSObjectToHashtable for Standard Processing" executed="True" result="Success" success="True" time="0.0695" asserts="0" description="Testing Private Function  - ConvertPSObjectToHashtable for Standard Processing">
        <results>
          <test-case description="Is valid Powershell (Has no script errors)" name="Testing Private Function  - ConvertPSObjectToHashtable for Standard Processing.Is valid Powershell (Has no script errors)" time="0.0695" asserts="0" success="True" result="Success" executed="True" />
        </results>
      </test-suite>
      <test-suite type="TestFixture" name="Testing Private Function  - ConvertToConfigurationData for Standard Processing" executed="True" result="Success" success="True" time="0.0772" asserts="0" description="Testing Private Function  - ConvertToConfigurationData for Standard Processing">
        <results>
          <test-case description="Is valid Powershell (Has no script errors)" name="Testing Private Function  - ConvertToConfigurationData for Standard Processing.Is valid Powershell (Has no script errors)" time="0.0772" asserts="0" success="True" result="Success" executed="True" />
        </results>
      </test-suite>
      <test-suite type="TestFixture" name="Testing Private Function  - CopyDirectory for Standard Processing" executed="True" result="Success" success="True" time="0.0563" asserts="0" description="Testing Private Function  - CopyDirectory for Standard Processing">
        <results>
          <test-case description="Is valid Powershell (Has no script errors)" name="Testing Private Function  - CopyDirectory for Standard Processing.Is valid Powershell (Has no script errors)" time="0.0563" asserts="0" success="True" result="Success" executed="True" />
        </results>
      </test-suite>
      <test-suite type="TestFixture" name="Testing Private Function  - ExpandDscModule for Standard Processing" executed="True" result="Success" success="True" time="0.0565" asserts="0" description="Testing Private Function  - ExpandDscModule for Standard Processing">
        <results>
          <test-case description="Is valid Powershell (Has no script errors)" name="Testing Private Function  - ExpandDscModule for Standard Processing.Is valid Powershell (Has no script errors)" time="0.0565" asserts="0" success="True" result="Success" executed="True" />
        </results>
      </test-suite>
      <test-suite type="TestFixture" name="Testing Private Function  - ExpandGitHubZipArchive for Standard Processing" executed="True" result="Success" success="True" time="0.0548" asserts="0" description="Testing Private Function  - ExpandGitHubZipArchive for Standard Processing">
        <results>
          <test-case description="Is valid Powershell (Has no script errors)" name="Testing Private Function  - ExpandGitHubZipArchive for Standard Processing.Is valid Powershell (Has no script errors)" time="0.0548" asserts="0" success="True" result="Success" executed="True" />
        </results>
      </test-suite>
      <test-suite type="TestFixture" name="Testing Private Function  - ExpandGitHubZipArchiveItem for Standard Processing" executed="True" result="Success" success="True" time="0.0616" asserts="0" description="Testing Private Function  - ExpandGitHubZipArchiveItem for Standard Processing">
        <results>
          <test-case description="Is valid Powershell (Has no script errors)" name="Testing Private Function  - ExpandGitHubZipArchiveItem for Standard Processing.Is valid Powershell (Has no script errors)" time="0.0616" asserts="0" success="True" result="Success" executed="True" />
        </results>
      </test-suite>
      <test-suite type="TestFixture" name="Testing Private Function  - ExpandIso for Standard Processing" executed="True" result="Success" success="True" time="0.0725" asserts="0" description="Testing Private Function  - ExpandIso for Standard Processing">
        <results>
          <test-case description="Is valid Powershell (Has no script errors)" name="Testing Private Function  - ExpandIso for Standard Processing.Is valid Powershell (Has no script errors)" time="0.0725" asserts="0" success="True" result="Success" executed="True" />
        </results>
      </test-suite>
      <test-suite type="TestFixture" name="Testing Private Function  - ExpandLabResource for Standard Processing" executed="True" result="Success" success="True" time="0.0618" asserts="0" description="Testing Private Function  - ExpandLabResource for Standard Processing">
        <results>
          <test-case description="Is valid Powershell (Has no script errors)" name="Testing Private Function  - ExpandLabResource for Standard Processing.Is valid Powershell (Has no script errors)" time="0.0618" asserts="0" success="True" result="Success" executed="True" />
        </results>
      </test-suite>
      <test-suite type="TestFixture" name="Testing Private Function  - ExpandModuleCache for Standard Processing" executed="True" result="Success" success="True" time="0.053" asserts="0" description="Testing Private Function  - ExpandModuleCache for Standard Processing">
        <results>
          <test-case description="Is valid Powershell (Has no script errors)" name="Testing Private Function  - ExpandModuleCache for Standard Processing.Is valid Powershell (Has no script errors)" time="0.053" asserts="0" success="True" result="Success" executed="True" />
        </results>
      </test-suite>
      <test-suite type="TestFixture" name="Testing Private Function  - ExpandWindowsImage for Standard Processing" executed="True" result="Success" success="True" time="0.0652" asserts="0" description="Testing Private Function  - ExpandWindowsImage for Standard Processing">
        <results>
          <test-case description="Is valid Powershell (Has no script errors)" name="Testing Private Function  - ExpandWindowsImage for Standard Processing.Is valid Powershell (Has no script errors)" time="0.0652" asserts="0" success="True" result="Success" executed="True" />
        </results>
      </test-suite>
      <test-suite type="TestFixture" name="Testing Private Function  - ExpandZipArchive for Standard Processing" executed="True" result="Success" success="True" time="0.0685" asserts="0" description="Testing Private Function  - ExpandZipArchive for Standard Processing">
        <results>
          <test-case description="Is valid Powershell (Has no script errors)" name="Testing Private Function  - ExpandZipArchive for Standard Processing.Is valid Powershell (Has no script errors)" time="0.0685" asserts="0" success="True" result="Success" executed="True" />
        </results>
      </test-suite>
      <test-suite type="TestFixture" name="Testing Private Function  - ExpandZipArchiveItem for Standard Processing" executed="True" result="Success" success="True" time="0.0737" asserts="0" description="Testing Private Function  - ExpandZipArchiveItem for Standard Processing">
        <results>
          <test-case description="Is valid Powershell (Has no script errors)" name="Testing Private Function  - ExpandZipArchiveItem for Standard Processing.Is valid Powershell (Has no script errors)" time="0.0737" asserts="0" success="True" result="Success" executed="True" />
        </results>
      </test-suite>
      <test-suite type="TestFixture" name="Testing Private Function  - GetConfigurationData for Standard Processing" executed="True" result="Success" success="True" time="0.11" asserts="0" description="Testing Private Function  - GetConfigurationData for Standard Processing">
        <results>
          <test-case description="Is valid Powershell (Has no script errors)" name="Testing Private Function  - GetConfigurationData for Standard Processing.Is valid Powershell (Has no script errors)" time="0.11" asserts="0" success="True" result="Success" executed="True" />
        </results>
      </test-suite>
      <test-suite type="TestFixture" name="Testing Private Function  - GetDiskImageDriveLetter for Standard Processing" executed="True" result="Success" success="True" time="0.0914" asserts="0" description="Testing Private Function  - GetDiskImageDriveLetter for Standard Processing">
        <results>
          <test-case description="Is valid Powershell (Has no script errors)" name="Testing Private Function  - GetDiskImageDriveLetter for Standard Processing.Is valid Powershell (Has no script errors)" time="0.0914" asserts="0" success="True" result="Success" executed="True" />
        </results>
      </test-suite>
      <test-suite type="TestFixture" name="Testing Private Function  - GetDscModule for Standard Processing" executed="True" result="Success" success="True" time="0.0734" asserts="0" description="Testing Private Function  - GetDscModule for Standard Processing">
        <results>
          <test-case description="Is valid Powershell (Has no script errors)" name="Testing Private Function  - GetDscModule for Standard Processing.Is valid Powershell (Has no script errors)" time="0.0734" asserts="0" success="True" result="Success" executed="True" />
        </results>
      </test-suite>
      <test-suite type="TestFixture" name="Testing Private Function  - GetDscResource for Standard Processing" executed="True" result="Success" success="True" time="0.1201" asserts="0" description="Testing Private Function  - GetDscResource for Standard Processing">
        <results>
          <test-case description="Is valid Powershell (Has no script errors)" name="Testing Private Function  - GetDscResource for Standard Processing.Is valid Powershell (Has no script errors)" time="0.1201" asserts="0" success="True" result="Success" executed="True" />
        </results>
      </test-suite>
      <test-suite type="TestFixture" name="Testing Private Function  - GetDscResourceModule for Standard Processing" executed="True" result="Success" success="True" time="0.0844" asserts="0" description="Testing Private Function  - GetDscResourceModule for Standard Processing">
        <results>
          <test-case description="Is valid Powershell (Has no script errors)" name="Testing Private Function  - GetDscResourceModule for Standard Processing.Is valid Powershell (Has no script errors)" time="0.0844" asserts="0" success="True" result="Success" executed="True" />
        </results>
      </test-suite>
      <test-suite type="TestFixture" name="Testing Private Function  - GetFormattedMessage for Standard Processing" executed="True" result="Success" success="True" time="0.1018" asserts="0" description="Testing Private Function  - GetFormattedMessage for Standard Processing">
        <results>
          <test-case description="Is valid Powershell (Has no script errors)" name="Testing Private Function  - GetFormattedMessage for Standard Processing.Is valid Powershell (Has no script errors)" time="0.1018" asserts="0" success="True" result="Success" executed="True" />
        </results>
      </test-suite>
      <test-suite type="TestFixture" name="Testing Private Function  - GetLabHostDSCConfigurationPath for Standard Processing" executed="True" result="Success" success="True" time="0.0529" asserts="0" description="Testing Private Function  - GetLabHostDSCConfigurationPath for Standard Processing">
        <results>
          <test-case description="Is valid Powershell (Has no script errors)" name="Testing Private Function  - GetLabHostDSCConfigurationPath for Standard Processing.Is valid Powershell (Has no script errors)" time="0.0529" asserts="0" success="True" result="Success" executed="True" />
        </results>
      </test-suite>
      <test-suite type="TestFixture" name="Testing Private Function  - GetLabHostSetupConfiguration for Standard Processing" executed="True" result="Success" success="True" time="0.0549" asserts="0" description="Testing Private Function  - GetLabHostSetupConfiguration for Standard Processing">
        <results>
          <test-case description="Is valid Powershell (Has no script errors)" name="Testing Private Function  - GetLabHostSetupConfiguration for Standard Processing.Is valid Powershell (Has no script errors)" time="0.0549" asserts="0" success="True" result="Success" executed="True" />
        </results>
      </test-suite>
      <test-suite type="TestFixture" name="Testing Private Function  - GetLabVMDisk for Standard Processing" executed="True" result="Success" success="True" time="0.0575" asserts="0" description="Testing Private Function  - GetLabVMDisk for Standard Processing">
        <results>
          <test-case description="Is valid Powershell (Has no script errors)" name="Testing Private Function  - GetLabVMDisk for Standard Processing.Is valid Powershell (Has no script errors)" time="0.0575" asserts="0" success="True" result="Success" executed="True" />
        </results>
      </test-suite>
      <test-suite type="TestFixture" name="Testing Private Function  - GetLabVMSnapshot for Standard Processing" executed="True" result="Success" success="True" time="0.0549" asserts="0" description="Testing Private Function  - GetLabVMSnapshot for Standard Processing">
        <results>
          <test-case description="Is valid Powershell (Has no script errors)" name="Testing Private Function  - GetLabVMSnapshot for Standard Processing.Is valid Powershell (Has no script errors)" time="0.0549" asserts="0" success="True" result="Success" executed="True" />
        </results>
      </test-suite>
      <test-suite type="TestFixture" name="Testing Private Function  - GetModule for Standard Processing" executed="True" result="Success" success="True" time="0.0603" asserts="0" description="Testing Private Function  - GetModule for Standard Processing">
        <results>
          <test-case description="Is valid Powershell (Has no script errors)" name="Testing Private Function  - GetModule for Standard Processing.Is valid Powershell (Has no script errors)" time="0.0603" asserts="0" success="True" result="Success" executed="True" />
        </results>
      </test-suite>
      <test-suite type="TestFixture" name="Testing Private Function  - GetModuleCache for Standard Processing" executed="True" result="Success" success="True" time="0.06" asserts="0" description="Testing Private Function  - GetModuleCache for Standard Processing">
        <results>
          <test-case description="Is valid Powershell (Has no script errors)" name="Testing Private Function  - GetModuleCache for Standard Processing.Is valid Powershell (Has no script errors)" time="0.06" asserts="0" success="True" result="Success" executed="True" />
        </results>
      </test-suite>
      <test-suite type="TestFixture" name="Testing Private Function  - GetModuleCacheManifest for Standard Processing" executed="True" result="Success" success="True" time="0.0576" asserts="0" description="Testing Private Function  - GetModuleCacheManifest for Standard Processing">
        <results>
          <test-case description="Is valid Powershell (Has no script errors)" name="Testing Private Function  - GetModuleCacheManifest for Standard Processing.Is valid Powershell (Has no script errors)" time="0.0576" asserts="0" success="True" result="Success" executed="True" />
        </results>
      </test-suite>
      <test-suite type="TestFixture" name="Testing Private Function  - GetResourceDownload for Standard Processing" executed="True" result="Success" success="True" time="0.0616" asserts="0" description="Testing Private Function  - GetResourceDownload for Standard Processing">
        <results>
          <test-case description="Is valid Powershell (Has no script errors)" name="Testing Private Function  - GetResourceDownload for Standard Processing.Is valid Powershell (Has no script errors)" time="0.0616" asserts="0" success="True" result="Success" executed="True" />
        </results>
      </test-suite>
      <test-suite type="TestFixture" name="Testing Private Function  - GetVirtualMachineProperties for Standard Processing" executed="True" result="Success" success="True" time="0.0634" asserts="0" description="Testing Private Function  - GetVirtualMachineProperties for Standard Processing">
        <results>
          <test-case description="Is valid Powershell (Has no script errors)" name="Testing Private Function  - GetVirtualMachineProperties for Standard Processing.Is valid Powershell (Has no script errors)" time="0.0634" asserts="0" success="True" result="Success" executed="True" />
        </results>
      </test-suite>
      <test-suite type="TestFixture" name="Testing Private Function  - GetWindowsImageIndex for Standard Processing" executed="True" result="Success" success="True" time="0.0749" asserts="0" description="Testing Private Function  - GetWindowsImageIndex for Standard Processing">
        <results>
          <test-case description="Is valid Powershell (Has no script errors)" name="Testing Private Function  - GetWindowsImageIndex for Standard Processing.Is valid Powershell (Has no script errors)" time="0.0749" asserts="0" success="True" result="Success" executed="True" />
        </results>
      </test-suite>
      <test-suite type="TestFixture" name="Testing Private Function  - GetWindowsImageName for Standard Processing" executed="True" result="Success" success="True" time="0.0637" asserts="0" description="Testing Private Function  - GetWindowsImageName for Standard Processing">
        <results>
          <test-case description="Is valid Powershell (Has no script errors)" name="Testing Private Function  - GetWindowsImageName for Standard Processing.Is valid Powershell (Has no script errors)" time="0.0637" asserts="0" success="True" result="Success" executed="True" />
        </results>
      </test-suite>
      <test-suite type="TestFixture" name="Testing Private Function  - ImportDismModule for Standard Processing" executed="True" result="Success" success="True" time="0.0655" asserts="0" description="Testing Private Function  - ImportDismModule for Standard Processing">
        <results>
          <test-case description="Is valid Powershell (Has no script errors)" name="Testing Private Function  - ImportDismModule for Standard Processing.Is valid Powershell (Has no script errors)" time="0.0655" asserts="0" success="True" result="Success" executed="True" />
        </results>
      </test-suite>
      <test-suite type="TestFixture" name="Testing Private Function  - ImportDscResource for Standard Processing" executed="True" result="Success" success="True" time="0.0534" asserts="0" description="Testing Private Function  - ImportDscResource for Standard Processing">
        <results>
          <test-case description="Is valid Powershell (Has no script errors)" name="Testing Private Function  - ImportDscResource for Standard Processing.Is valid Powershell (Has no script errors)" time="0.0534" asserts="0" success="True" result="Success" executed="True" />
        </results>
      </test-suite>
      <test-suite type="TestFixture" name="Testing Private Function  - InvokeDscResource for Standard Processing" executed="True" result="Success" success="True" time="0.0672" asserts="0" description="Testing Private Function  - InvokeDscResource for Standard Processing">
        <results>
          <test-case description="Is valid Powershell (Has no script errors)" name="Testing Private Function  - InvokeDscResource for Standard Processing.Is valid Powershell (Has no script errors)" time="0.0672" asserts="0" success="True" result="Success" executed="True" />
        </results>
      </test-suite>
      <test-suite type="TestFixture" name="Testing Private Function  - InvokeExecutable for Standard Processing" executed="True" result="Success" success="True" time="0.0683" asserts="0" description="Testing Private Function  - InvokeExecutable for Standard Processing">
        <results>
          <test-case description="Is valid Powershell (Has no script errors)" name="Testing Private Function  - InvokeExecutable for Standard Processing.Is valid Powershell (Has no script errors)" time="0.0683" asserts="0" success="True" result="Success" executed="True" />
        </results>
      </test-suite>
      <test-suite type="TestFixture" name="Testing Private Function  - InvokeLabMediaHotfixDownload for Standard Processing" executed="True" result="Success" success="True" time="0.0648" asserts="0" description="Testing Private Function  - InvokeLabMediaHotfixDownload for Standard Processing">
        <results>
          <test-case description="Is valid Powershell (Has no script errors)" name="Testing Private Function  - InvokeLabMediaHotfixDownload for Standard Processing.Is valid Powershell (Has no script errors)" time="0.0648" asserts="0" success="True" result="Success" executed="True" />
        </results>
      </test-suite>
      <test-suite type="TestFixture" name="Testing Private Function  - InvokeLabMediaImageDownload for Standard Processing" executed="True" result="Success" success="True" time="0.0598" asserts="0" description="Testing Private Function  - InvokeLabMediaImageDownload for Standard Processing">
        <results>
          <test-case description="Is valid Powershell (Has no script errors)" name="Testing Private Function  - InvokeLabMediaImageDownload for Standard Processing.Is valid Powershell (Has no script errors)" time="0.0598" asserts="0" success="True" result="Success" executed="True" />
        </results>
      </test-suite>
      <test-suite type="TestFixture" name="Testing Private Function  - InvokeModuleCacheDownload for Standard Processing" executed="True" result="Success" success="True" time="0.0593" asserts="0" description="Testing Private Function  - InvokeModuleCacheDownload for Standard Processing">
        <results>
          <test-case description="Is valid Powershell (Has no script errors)" name="Testing Private Function  - InvokeModuleCacheDownload for Standard Processing.Is valid Powershell (Has no script errors)" time="0.0593" asserts="0" success="True" result="Success" executed="True" />
        </results>
      </test-suite>
      <test-suite type="TestFixture" name="Testing Private Function  - InvokeModuleDownloadFromGitHub for Standard Processing" executed="True" result="Success" success="True" time="0.0611" asserts="0" description="Testing Private Function  - InvokeModuleDownloadFromGitHub for Standard Processing">
        <results>
          <test-case description="Is valid Powershell (Has no script errors)" name="Testing Private Function  - InvokeModuleDownloadFromGitHub for Standard Processing.Is valid Powershell (Has no script errors)" time="0.0611" asserts="0" success="True" result="Success" executed="True" />
        </results>
      </test-suite>
      <test-suite type="TestFixture" name="Testing Private Function  - InvokeModuleDownloadFromPSGallery for Standard Processing" executed="True" result="Success" success="True" time="0.0646" asserts="0" description="Testing Private Function  - InvokeModuleDownloadFromPSGallery for Standard Processing">
        <results>
          <test-case description="Is valid Powershell (Has no script errors)" name="Testing Private Function  - InvokeModuleDownloadFromPSGallery for Standard Processing.Is valid Powershell (Has no script errors)" time="0.0646" asserts="0" success="True" result="Success" executed="True" />
        </results>
      </test-suite>
      <test-suite type="TestFixture" name="Testing Private Function  - InvokeResourceDownload for Standard Processing" executed="True" result="Success" success="True" time="0.054" asserts="0" description="Testing Private Function  - InvokeResourceDownload for Standard Processing">
        <results>
          <test-case description="Is valid Powershell (Has no script errors)" name="Testing Private Function  - InvokeResourceDownload for Standard Processing.Is valid Powershell (Has no script errors)" time="0.054" asserts="0" success="True" result="Success" executed="True" />
        </results>
      </test-suite>
      <test-suite type="TestFixture" name="Testing Private Function  - InvokeWebClientDownload for Standard Processing" executed="True" result="Success" success="True" time="0.0574" asserts="0" description="Testing Private Function  - InvokeWebClientDownload for Standard Processing">
        <results>
          <test-case description="Is valid Powershell (Has no script errors)" name="Testing Private Function  - InvokeWebClientDownload for Standard Processing.Is valid Powershell (Has no script errors)" time="0.0574" asserts="0" success="True" result="Success" executed="True" />
        </results>
      </test-suite>
      <test-suite type="TestFixture" name="Testing Private Function  - NewBootStrap for Standard Processing" executed="True" result="Success" success="True" time="0.085" asserts="0" description="Testing Private Function  - NewBootStrap for Standard Processing">
        <results>
          <test-case description="Is valid Powershell (Has no script errors)" name="Testing Private Function  - NewBootStrap for Standard Processing.Is valid Powershell (Has no script errors)" time="0.085" asserts="0" success="True" result="Success" executed="True" />
        </results>
      </test-suite>
      <test-suite type="TestFixture" name="Testing Private Function  - NewDirectory for Standard Processing" executed="True" result="Success" success="True" time="0.0565" asserts="0" description="Testing Private Function  - NewDirectory for Standard Processing">
        <results>
          <test-case description="Is valid Powershell (Has no script errors)" name="Testing Private Function  - NewDirectory for Standard Processing.Is valid Powershell (Has no script errors)" time="0.0565" asserts="0" success="True" result="Success" executed="True" />
        </results>
      </test-suite>
      <test-suite type="TestFixture" name="Testing Private Function  - NewDiskImage for Standard Processing" executed="True" result="Success" success="True" time="0.0509" asserts="0" description="Testing Private Function  - NewDiskImage for Standard Processing">
        <results>
          <test-case description="Is valid Powershell (Has no script errors)" name="Testing Private Function  - NewDiskImage for Standard Processing.Is valid Powershell (Has no script errors)" time="0.0509" asserts="0" success="True" result="Success" executed="True" />
        </results>
      </test-suite>
      <test-suite type="TestFixture" name="Testing Private Function  - NewDiskImageGpt for Standard Processing" executed="True" result="Success" success="True" time="0.0651" asserts="0" description="Testing Private Function  - NewDiskImageGpt for Standard Processing">
        <results>
          <test-case description="Is valid Powershell (Has no script errors)" name="Testing Private Function  - NewDiskImageGpt for Standard Processing.Is valid Powershell (Has no script errors)" time="0.0651" asserts="0" success="True" result="Success" executed="True" />
        </results>
      </test-suite>
      <test-suite type="TestFixture" name="Testing Private Function  - NewDiskImageMbr for Standard Processing" executed="True" result="Success" success="True" time="0.0566" asserts="0" description="Testing Private Function  - NewDiskImageMbr for Standard Processing">
        <results>
          <test-case description="Is valid Powershell (Has no script errors)" name="Testing Private Function  - NewDiskImageMbr for Standard Processing.Is valid Powershell (Has no script errors)" time="0.0566" asserts="0" success="True" result="Success" executed="True" />
        </results>
      </test-suite>
      <test-suite type="TestFixture" name="Testing Private Function  - NewDiskPartFat32Partition for Standard Processing" executed="True" result="Success" success="True" time="0.0599" asserts="0" description="Testing Private Function  - NewDiskPartFat32Partition for Standard Processing">
        <results>
          <test-case description="Is valid Powershell (Has no script errors)" name="Testing Private Function  - NewDiskPartFat32Partition for Standard Processing.Is valid Powershell (Has no script errors)" time="0.0599" asserts="0" success="True" result="Success" executed="True" />
        </results>
      </test-suite>
      <test-suite type="TestFixture" name="Testing Private Function  - NewLabMedia for Standard Processing" executed="True" result="Success" success="True" time="0.06" asserts="0" description="Testing Private Function  - NewLabMedia for Standard Processing">
        <results>
          <test-case description="Is valid Powershell (Has no script errors)" name="Testing Private Function  - NewLabMedia for Standard Processing.Is valid Powershell (Has no script errors)" time="0.06" asserts="0" success="True" result="Success" executed="True" />
        </results>
      </test-suite>
      <test-suite type="TestFixture" name="Testing Private Function  - NewLabSwitch for Standard Processing" executed="True" result="Success" success="True" time="0.0645" asserts="0" description="Testing Private Function  - NewLabSwitch for Standard Processing">
        <results>
          <test-case description="Is valid Powershell (Has no script errors)" name="Testing Private Function  - NewLabSwitch for Standard Processing.Is valid Powershell (Has no script errors)" time="0.0645" asserts="0" success="True" result="Success" executed="True" />
        </results>
      </test-suite>
      <test-suite type="TestFixture" name="Testing Private Function  - NewLabVM for Standard Processing" executed="True" result="Success" success="True" time="0.0659" asserts="0" description="Testing Private Function  - NewLabVM for Standard Processing">
        <results>
          <test-case description="Is valid Powershell (Has no script errors)" name="Testing Private Function  - NewLabVM for Standard Processing.Is valid Powershell (Has no script errors)" time="0.0659" asserts="0" success="True" result="Success" executed="True" />
        </results>
      </test-suite>
      <test-suite type="TestFixture" name="Testing Private Function  - NewLabVMSnapshot for Standard Processing" executed="True" result="Success" success="True" time="0.0563" asserts="0" description="Testing Private Function  - NewLabVMSnapshot for Standard Processing">
        <results>
          <test-case description="Is valid Powershell (Has no script errors)" name="Testing Private Function  - NewLabVMSnapshot for Standard Processing.Is valid Powershell (Has no script errors)" time="0.0563" asserts="0" success="True" result="Success" executed="True" />
        </results>
      </test-suite>
      <test-suite type="TestFixture" name="Testing Private Function  - NewUnattendXml for Standard Processing" executed="True" result="Success" success="True" time="0.0568" asserts="0" description="Testing Private Function  - NewUnattendXml for Standard Processing">
        <results>
          <test-case description="Is valid Powershell (Has no script errors)" name="Testing Private Function  - NewUnattendXml for Standard Processing.Is valid Powershell (Has no script errors)" time="0.0568" asserts="0" success="True" result="Success" executed="True" />
        </results>
      </test-suite>
      <test-suite type="TestFixture" name="Testing Private Function  - RemoveConfigurationData for Standard Processing" executed="True" result="Success" success="True" time="0.0447" asserts="0" description="Testing Private Function  - RemoveConfigurationData for Standard Processing">
        <results>
          <test-case description="Is valid Powershell (Has no script errors)" name="Testing Private Function  - RemoveConfigurationData for Standard Processing.Is valid Powershell (Has no script errors)" time="0.0447" asserts="0" success="True" result="Success" executed="True" />
        </results>
      </test-suite>
      <test-suite type="TestFixture" name="Testing Private Function  - RemoveLabSwitch for Standard Processing" executed="True" result="Success" success="True" time="0.0489" asserts="0" description="Testing Private Function  - RemoveLabSwitch for Standard Processing">
        <results>
          <test-case description="Is valid Powershell (Has no script errors)" name="Testing Private Function  - RemoveLabSwitch for Standard Processing.Is valid Powershell (Has no script errors)" time="0.0489" asserts="0" success="True" result="Success" executed="True" />
        </results>
      </test-suite>
      <test-suite type="TestFixture" name="Testing Private Function  - RemoveLabVirtualMachine for Standard Processing" executed="True" result="Success" success="True" time="0.059" asserts="0" description="Testing Private Function  - RemoveLabVirtualMachine for Standard Processing">
        <results>
          <test-case description="Is valid Powershell (Has no script errors)" name="Testing Private Function  - RemoveLabVirtualMachine for Standard Processing.Is valid Powershell (Has no script errors)" time="0.059" asserts="0" success="True" result="Success" executed="True" />
        </results>
      </test-suite>
      <test-suite type="TestFixture" name="Testing Private Function  - RemoveLabVM for Standard Processing" executed="True" result="Success" success="True" time="0.0602" asserts="0" description="Testing Private Function  - RemoveLabVM for Standard Processing">
        <results>
          <test-case description="Is valid Powershell (Has no script errors)" name="Testing Private Function  - RemoveLabVM for Standard Processing.Is valid Powershell (Has no script errors)" time="0.0602" asserts="0" success="True" result="Success" executed="True" />
        </results>
      </test-suite>
      <test-suite type="TestFixture" name="Testing Private Function  - RemoveLabVMDisk for Standard Processing" executed="True" result="Success" success="True" time="0.0471" asserts="0" description="Testing Private Function  - RemoveLabVMDisk for Standard Processing">
        <results>
          <test-case description="Is valid Powershell (Has no script errors)" name="Testing Private Function  - RemoveLabVMDisk for Standard Processing.Is valid Powershell (Has no script errors)" time="0.0471" asserts="0" success="True" result="Success" executed="True" />
        </results>
      </test-suite>
      <test-suite type="TestFixture" name="Testing Private Function  - RemoveLabVMSnapshot for Standard Processing" executed="True" result="Success" success="True" time="0.0579" asserts="0" description="Testing Private Function  - RemoveLabVMSnapshot for Standard Processing">
        <results>
          <test-case description="Is valid Powershell (Has no script errors)" name="Testing Private Function  - RemoveLabVMSnapshot for Standard Processing.Is valid Powershell (Has no script errors)" time="0.0579" asserts="0" success="True" result="Success" executed="True" />
        </results>
      </test-suite>
      <test-suite type="TestFixture" name="Testing Private Function  - RenameModuleCacheVersion for Standard Processing" executed="True" result="Success" success="True" time="0.0552" asserts="0" description="Testing Private Function  - RenameModuleCacheVersion for Standard Processing">
        <results>
          <test-case description="Is valid Powershell (Has no script errors)" name="Testing Private Function  - RenameModuleCacheVersion for Standard Processing.Is valid Powershell (Has no script errors)" time="0.0552" asserts="0" success="True" result="Success" executed="True" />
        </results>
      </test-suite>
      <test-suite type="TestFixture" name="Testing Private Function  - ResetLabVMDisk for Standard Processing" executed="True" result="Success" success="True" time="0.0455" asserts="0" description="Testing Private Function  - ResetLabVMDisk for Standard Processing">
        <results>
          <test-case description="Is valid Powershell (Has no script errors)" name="Testing Private Function  - ResetLabVMDisk for Standard Processing.Is valid Powershell (Has no script errors)" time="0.0455" asserts="0" success="True" result="Success" executed="True" />
        </results>
      </test-suite>
      <test-suite type="TestFixture" name="Testing Private Function  - ResolveConfigurationDataPath for Standard Processing" executed="True" result="Success" success="True" time="0.0506" asserts="0" description="Testing Private Function  - ResolveConfigurationDataPath for Standard Processing">
        <results>
          <test-case description="Is valid Powershell (Has no script errors)" name="Testing Private Function  - ResolveConfigurationDataPath for Standard Processing.Is valid Powershell (Has no script errors)" time="0.0506" asserts="0" success="True" result="Success" executed="True" />
        </results>
      </test-suite>
      <test-suite type="TestFixture" name="Testing Private Function  - ResolveCustomBootStrap for Standard Processing" executed="True" result="Success" success="True" time="0.0595" asserts="0" description="Testing Private Function  - ResolveCustomBootStrap for Standard Processing">
        <results>
          <test-case description="Is valid Powershell (Has no script errors)" name="Testing Private Function  - ResolveCustomBootStrap for Standard Processing.Is valid Powershell (Has no script errors)" time="0.0595" asserts="0" success="True" result="Success" executed="True" />
        </results>
      </test-suite>
      <test-suite type="TestFixture" name="Testing Private Function  - ResolveDismPath for Standard Processing" executed="True" result="Success" success="True" time="0.0662" asserts="0" description="Testing Private Function  - ResolveDismPath for Standard Processing">
        <results>
          <test-case description="Is valid Powershell (Has no script errors)" name="Testing Private Function  - ResolveDismPath for Standard Processing.Is valid Powershell (Has no script errors)" time="0.0662" asserts="0" success="True" result="Success" executed="True" />
        </results>
      </test-suite>
      <test-suite type="TestFixture" name="Testing Private Function  - ResolveGitHubModuleUri for Standard Processing" executed="True" result="Success" success="True" time="0.0699" asserts="0" description="Testing Private Function  - ResolveGitHubModuleUri for Standard Processing">
        <results>
          <test-case description="Is valid Powershell (Has no script errors)" name="Testing Private Function  - ResolveGitHubModuleUri for Standard Processing.Is valid Powershell (Has no script errors)" time="0.0699" asserts="0" success="True" result="Success" executed="True" />
        </results>
      </test-suite>
      <test-suite type="TestFixture" name="Testing Private Function  - ResolveLabMedia for Standard Processing" executed="True" result="Success" success="True" time="0.0762" asserts="0" description="Testing Private Function  - ResolveLabMedia for Standard Processing">
        <results>
          <test-case description="Is valid Powershell (Has no script errors)" name="Testing Private Function  - ResolveLabMedia for Standard Processing.Is valid Powershell (Has no script errors)" time="0.0762" asserts="0" success="True" result="Success" executed="True" />
        </results>
      </test-suite>
      <test-suite type="TestFixture" name="Testing Private Function  - ResolveLabModule for Standard Processing" executed="True" result="Success" success="True" time="0.0585" asserts="0" description="Testing Private Function  - ResolveLabModule for Standard Processing">
        <results>
          <test-case description="Is valid Powershell (Has no script errors)" name="Testing Private Function  - ResolveLabModule for Standard Processing.Is valid Powershell (Has no script errors)" time="0.0585" asserts="0" success="True" result="Success" executed="True" />
        </results>
      </test-suite>
      <test-suite type="TestFixture" name="Testing Private Function  - ResolveLabResource for Standard Processing" executed="True" result="Success" success="True" time="0.0545" asserts="0" description="Testing Private Function  - ResolveLabResource for Standard Processing">
        <results>
          <test-case description="Is valid Powershell (Has no script errors)" name="Testing Private Function  - ResolveLabResource for Standard Processing.Is valid Powershell (Has no script errors)" time="0.0545" asserts="0" success="True" result="Success" executed="True" />
        </results>
      </test-suite>
      <test-suite type="TestFixture" name="Testing Private Function  - ResolveLabSwitch for Standard Processing" executed="True" result="Success" success="True" time="0.0617" asserts="0" description="Testing Private Function  - ResolveLabSwitch for Standard Processing">
        <results>
          <test-case description="Is valid Powershell (Has no script errors)" name="Testing Private Function  - ResolveLabSwitch for Standard Processing.Is valid Powershell (Has no script errors)" time="0.0617" asserts="0" success="True" result="Success" executed="True" />
        </results>
      </test-suite>
      <test-suite type="TestFixture" name="Testing Private Function  - ResolveLabVMDiskPath for Standard Processing" executed="True" result="Success" success="True" time="0.0658" asserts="0" description="Testing Private Function  - ResolveLabVMDiskPath for Standard Processing">
        <results>
          <test-case description="Is valid Powershell (Has no script errors)" name="Testing Private Function  - ResolveLabVMDiskPath for Standard Processing.Is valid Powershell (Has no script errors)" time="0.0658" asserts="0" success="True" result="Success" executed="True" />
        </results>
      </test-suite>
      <test-suite type="TestFixture" name="Testing Private Function  - ResolveLabVMProperties for Standard Processing" executed="True" result="Success" success="True" time="0.062" asserts="0" description="Testing Private Function  - ResolveLabVMProperties for Standard Processing">
        <results>
          <test-case description="Is valid Powershell (Has no script errors)" name="Testing Private Function  - ResolveLabVMProperties for Standard Processing.Is valid Powershell (Has no script errors)" time="0.062" asserts="0" success="True" result="Success" executed="True" />
        </results>
      </test-suite>
      <test-suite type="TestFixture" name="Testing Private Function  - ResolveModule for Standard Processing" executed="True" result="Success" success="True" time="0.0566" asserts="0" description="Testing Private Function  - ResolveModule for Standard Processing">
        <results>
          <test-case description="Is valid Powershell (Has no script errors)" name="Testing Private Function  - ResolveModule for Standard Processing.Is valid Powershell (Has no script errors)" time="0.0566" asserts="0" success="True" result="Success" executed="True" />
        </results>
      </test-suite>
      <test-suite type="TestFixture" name="Testing Private Function  - ResolvePathEx for Standard Processing" executed="True" result="Success" success="True" time="0.0498" asserts="0" description="Testing Private Function  - ResolvePathEx for Standard Processing">
        <results>
          <test-case description="Is valid Powershell (Has no script errors)" name="Testing Private Function  - ResolvePathEx for Standard Processing.Is valid Powershell (Has no script errors)" time="0.0498" asserts="0" success="True" result="Success" executed="True" />
        </results>
      </test-suite>
      <test-suite type="TestFixture" name="Testing Private Function  - ResolveProgramFilesFolder for Standard Processing" executed="True" result="Success" success="True" time="0.0536" asserts="0" description="Testing Private Function  - ResolveProgramFilesFolder for Standard Processing">
        <results>
          <test-case description="Is valid Powershell (Has no script errors)" name="Testing Private Function  - ResolveProgramFilesFolder for Standard Processing.Is valid Powershell (Has no script errors)" time="0.0536" asserts="0" success="True" result="Success" executed="True" />
        </results>
      </test-suite>
      <test-suite type="TestFixture" name="Testing Private Function  - ResolvePSGalleryModuleUri for Standard Processing" executed="True" result="Success" success="True" time="0.0601" asserts="0" description="Testing Private Function  - ResolvePSGalleryModuleUri for Standard Processing">
        <results>
          <test-case description="Is valid Powershell (Has no script errors)" name="Testing Private Function  - ResolvePSGalleryModuleUri for Standard Processing.Is valid Powershell (Has no script errors)" time="0.0601" asserts="0" success="True" result="Success" executed="True" />
        </results>
      </test-suite>
      <test-suite type="TestFixture" name="Testing Private Function  - SetBootStrap for Standard Processing" executed="True" result="Success" success="True" time="0.0628" asserts="0" description="Testing Private Function  - SetBootStrap for Standard Processing">
        <results>
          <test-case description="Is valid Powershell (Has no script errors)" name="Testing Private Function  - SetBootStrap for Standard Processing.Is valid Powershell (Has no script errors)" time="0.0628" asserts="0" success="True" result="Success" executed="True" />
        </results>
      </test-suite>
      <test-suite type="TestFixture" name="Testing Private Function  - SetConfigurationData for Standard Processing" executed="True" result="Success" success="True" time="0.0508" asserts="0" description="Testing Private Function  - SetConfigurationData for Standard Processing">
        <results>
          <test-case description="Is valid Powershell (Has no script errors)" name="Testing Private Function  - SetConfigurationData for Standard Processing.Is valid Powershell (Has no script errors)" time="0.0508" asserts="0" success="True" result="Success" executed="True" />
        </results>
      </test-suite>
      <test-suite type="TestFixture" name="Testing Private Function  - SetDiskImageBootVolume for Standard Processing" executed="True" result="Success" success="True" time="0.0534" asserts="0" description="Testing Private Function  - SetDiskImageBootVolume for Standard Processing">
        <results>
          <test-case description="Is valid Powershell (Has no script errors)" name="Testing Private Function  - SetDiskImageBootVolume for Standard Processing.Is valid Powershell (Has no script errors)" time="0.0534" asserts="0" success="True" result="Success" executed="True" />
        </results>
      </test-suite>
      <test-suite type="TestFixture" name="Testing Private Function  - SetDiskImageBootVolumeGpt for Standard Processing" executed="True" result="Success" success="True" time="0.0559" asserts="0" description="Testing Private Function  - SetDiskImageBootVolumeGpt for Standard Processing">
        <results>
          <test-case description="Is valid Powershell (Has no script errors)" name="Testing Private Function  - SetDiskImageBootVolumeGpt for Standard Processing.Is valid Powershell (Has no script errors)" time="0.0559" asserts="0" success="True" result="Success" executed="True" />
        </results>
      </test-suite>
      <test-suite type="TestFixture" name="Testing Private Function  - SetDiskImageBootVolumeMbr for Standard Processing" executed="True" result="Success" success="True" time="0.0599" asserts="0" description="Testing Private Function  - SetDiskImageBootVolumeMbr for Standard Processing">
        <results>
          <test-case description="Is valid Powershell (Has no script errors)" name="Testing Private Function  - SetDiskImageBootVolumeMbr for Standard Processing.Is valid Powershell (Has no script errors)" time="0.0599" asserts="0" success="True" result="Success" executed="True" />
        </results>
      </test-suite>
      <test-suite type="TestFixture" name="Testing Private Function  - SetDscResource for Standard Processing" executed="True" result="Success" success="True" time="0.0738" asserts="0" description="Testing Private Function  - SetDscResource for Standard Processing">
        <results>
          <test-case description="Is valid Powershell (Has no script errors)" name="Testing Private Function  - SetDscResource for Standard Processing.Is valid Powershell (Has no script errors)" time="0.0738" asserts="0" success="True" result="Success" executed="True" />
        </results>
      </test-suite>
      <test-suite type="TestFixture" name="Testing Private Function  - SetLabSwitch for Standard Processing" executed="True" result="Success" success="True" time="0.0614" asserts="0" description="Testing Private Function  - SetLabSwitch for Standard Processing">
        <results>
          <test-case description="Is valid Powershell (Has no script errors)" name="Testing Private Function  - SetLabSwitch for Standard Processing.Is valid Powershell (Has no script errors)" time="0.0614" asserts="0" success="True" result="Success" executed="True" />
        </results>
      </test-suite>
      <test-suite type="TestFixture" name="Testing Private Function  - SetLabVirtualMachine for Standard Processing" executed="True" result="Success" success="True" time="0.0593" asserts="0" description="Testing Private Function  - SetLabVirtualMachine for Standard Processing">
        <results>
          <test-case description="Is valid Powershell (Has no script errors)" name="Testing Private Function  - SetLabVirtualMachine for Standard Processing.Is valid Powershell (Has no script errors)" time="0.0593" asserts="0" success="True" result="Success" executed="True" />
        </results>
      </test-suite>
      <test-suite type="TestFixture" name="Testing Private Function  - SetLabVMDisk for Standard Processing" executed="True" result="Success" success="True" time="0.0511" asserts="0" description="Testing Private Function  - SetLabVMDisk for Standard Processing">
        <results>
          <test-case description="Is valid Powershell (Has no script errors)" name="Testing Private Function  - SetLabVMDisk for Standard Processing.Is valid Powershell (Has no script errors)" time="0.0511" asserts="0" success="True" result="Success" executed="True" />
        </results>
      </test-suite>
      <test-suite type="TestFixture" name="Testing Private Function  - SetLabVMDiskFile for Standard Processing" executed="True" result="Success" success="True" time="0.0545" asserts="0" description="Testing Private Function  - SetLabVMDiskFile for Standard Processing">
        <results>
          <test-case description="Is valid Powershell (Has no script errors)" name="Testing Private Function  - SetLabVMDiskFile for Standard Processing.Is valid Powershell (Has no script errors)" time="0.0545" asserts="0" success="True" result="Success" executed="True" />
        </results>
      </test-suite>
      <test-suite type="TestFixture" name="Testing Private Function  - SetLabVMDiskFileBootstrap for Standard Processing" executed="True" result="Success" success="True" time="0.0568" asserts="0" description="Testing Private Function  - SetLabVMDiskFileBootstrap for Standard Processing">
        <results>
          <test-case description="Is valid Powershell (Has no script errors)" name="Testing Private Function  - SetLabVMDiskFileBootstrap for Standard Processing.Is valid Powershell (Has no script errors)" time="0.0568" asserts="0" success="True" result="Success" executed="True" />
        </results>
      </test-suite>
      <test-suite type="TestFixture" name="Testing Private Function  - SetLabVMDiskFileCertificate for Standard Processing" executed="True" result="Success" success="True" time="0.0514" asserts="0" description="Testing Private Function  - SetLabVMDiskFileCertificate for Standard Processing">
        <results>
          <test-case description="Is valid Powershell (Has no script errors)" name="Testing Private Function  - SetLabVMDiskFileCertificate for Standard Processing.Is valid Powershell (Has no script errors)" time="0.0514" asserts="0" success="True" result="Success" executed="True" />
        </results>
      </test-suite>
      <test-suite type="TestFixture" name="Testing Private Function  - SetLabVMDiskFileModule for Standard Processing" executed="True" result="Success" success="True" time="0.0555" asserts="0" description="Testing Private Function  - SetLabVMDiskFileModule for Standard Processing">
        <results>
          <test-case description="Is valid Powershell (Has no script errors)" name="Testing Private Function  - SetLabVMDiskFileModule for Standard Processing.Is valid Powershell (Has no script errors)" time="0.0555" asserts="0" success="True" result="Success" executed="True" />
        </results>
      </test-suite>
      <test-suite type="TestFixture" name="Testing Private Function  - SetLabVMDiskFileMof for Standard Processing" executed="True" result="Success" success="True" time="0.0595" asserts="0" description="Testing Private Function  - SetLabVMDiskFileMof for Standard Processing">
        <results>
          <test-case description="Is valid Powershell (Has no script errors)" name="Testing Private Function  - SetLabVMDiskFileMof for Standard Processing.Is valid Powershell (Has no script errors)" time="0.0595" asserts="0" success="True" result="Success" executed="True" />
        </results>
      </test-suite>
      <test-suite type="TestFixture" name="Testing Private Function  - SetLabVMDiskFileResource for Standard Processing" executed="True" result="Success" success="True" time="0.058" asserts="0" description="Testing Private Function  - SetLabVMDiskFileResource for Standard Processing">
        <results>
          <test-case description="Is valid Powershell (Has no script errors)" name="Testing Private Function  - SetLabVMDiskFileResource for Standard Processing.Is valid Powershell (Has no script errors)" time="0.058" asserts="0" success="True" result="Success" executed="True" />
        </results>
      </test-suite>
      <test-suite type="TestFixture" name="Testing Private Function  - SetLabVMDiskFileUnattendXml for Standard Processing" executed="True" result="Success" success="True" time="0.0709" asserts="0" description="Testing Private Function  - SetLabVMDiskFileUnattendXml for Standard Processing">
        <results>
          <test-case description="Is valid Powershell (Has no script errors)" name="Testing Private Function  - SetLabVMDiskFileUnattendXml for Standard Processing.Is valid Powershell (Has no script errors)" time="0.0709" asserts="0" success="True" result="Success" executed="True" />
        </results>
      </test-suite>
      <test-suite type="TestFixture" name="Testing Private Function  - SetLabVMDiskModule for Standard Processing" executed="True" result="Success" success="True" time="0.0566" asserts="0" description="Testing Private Function  - SetLabVMDiskModule for Standard Processing">
        <results>
          <test-case description="Is valid Powershell (Has no script errors)" name="Testing Private Function  - SetLabVMDiskModule for Standard Processing.Is valid Powershell (Has no script errors)" time="0.0566" asserts="0" success="True" result="Success" executed="True" />
        </results>
      </test-suite>
      <test-suite type="TestFixture" name="Testing Private Function  - SetResourceChecksum for Standard Processing" executed="True" result="Success" success="True" time="0.0614" asserts="0" description="Testing Private Function  - SetResourceChecksum for Standard Processing">
        <results>
          <test-case description="Is valid Powershell (Has no script errors)" name="Testing Private Function  - SetResourceChecksum for Standard Processing.Is valid Powershell (Has no script errors)" time="0.0614" asserts="0" success="True" result="Success" executed="True" />
        </results>
      </test-suite>
      <test-suite type="TestFixture" name="Testing Private Function  - SetResourceDownload for Standard Processing" executed="True" result="Success" success="True" time="0.0531" asserts="0" description="Testing Private Function  - SetResourceDownload for Standard Processing">
        <results>
          <test-case description="Is valid Powershell (Has no script errors)" name="Testing Private Function  - SetResourceDownload for Standard Processing.Is valid Powershell (Has no script errors)" time="0.0531" asserts="0" success="True" result="Success" executed="True" />
        </results>
      </test-suite>
      <test-suite type="TestFixture" name="Testing Private Function  - SetSetupCompleteCmd for Standard Processing" executed="True" result="Success" success="True" time="0.0554" asserts="0" description="Testing Private Function  - SetSetupCompleteCmd for Standard Processing">
        <results>
          <test-case description="Is valid Powershell (Has no script errors)" name="Testing Private Function  - SetSetupCompleteCmd for Standard Processing.Is valid Powershell (Has no script errors)" time="0.0554" asserts="0" success="True" result="Success" executed="True" />
        </results>
      </test-suite>
      <test-suite type="TestFixture" name="Testing Private Function  - SetUnattendXml for Standard Processing" executed="True" result="Success" success="True" time="0.0537" asserts="0" description="Testing Private Function  - SetUnattendXml for Standard Processing">
        <results>
          <test-case description="Is valid Powershell (Has no script errors)" name="Testing Private Function  - SetUnattendXml for Standard Processing.Is valid Powershell (Has no script errors)" time="0.0537" asserts="0" success="True" result="Success" executed="True" />
        </results>
      </test-suite>
      <test-suite type="TestFixture" name="Testing Private Function  - TestComputerName for Standard Processing" executed="True" result="Success" success="True" time="0.0677" asserts="0" description="Testing Private Function  - TestComputerName for Standard Processing">
        <results>
          <test-case description="Is valid Powershell (Has no script errors)" name="Testing Private Function  - TestComputerName for Standard Processing.Is valid Powershell (Has no script errors)" time="0.0677" asserts="0" success="True" result="Success" executed="True" />
        </results>
      </test-suite>
      <test-suite type="TestFixture" name="Testing Private Function  - TestDscModule for Standard Processing" executed="True" result="Success" success="True" time="0.0676" asserts="0" description="Testing Private Function  - TestDscModule for Standard Processing">
        <results>
          <test-case description="Is valid Powershell (Has no script errors)" name="Testing Private Function  - TestDscModule for Standard Processing.Is valid Powershell (Has no script errors)" time="0.0676" asserts="0" success="True" result="Success" executed="True" />
        </results>
      </test-suite>
      <test-suite type="TestFixture" name="Testing Private Function  - TestDscResource for Standard Processing" executed="True" result="Success" success="True" time="0.0582" asserts="0" description="Testing Private Function  - TestDscResource for Standard Processing">
        <results>
          <test-case description="Is valid Powershell (Has no script errors)" name="Testing Private Function  - TestDscResource for Standard Processing.Is valid Powershell (Has no script errors)" time="0.0582" asserts="0" success="True" result="Success" executed="True" />
        </results>
      </test-suite>
      <test-suite type="TestFixture" name="Testing Private Function  - TestDscResourceModule for Standard Processing" executed="True" result="Success" success="True" time="0.0584" asserts="0" description="Testing Private Function  - TestDscResourceModule for Standard Processing">
        <results>
          <test-case description="Is valid Powershell (Has no script errors)" name="Testing Private Function  - TestDscResourceModule for Standard Processing.Is valid Powershell (Has no script errors)" time="0.0584" asserts="0" success="True" result="Success" executed="True" />
        </results>
      </test-suite>
      <test-suite type="TestFixture" name="Testing Private Function  - TestLabConfigurationMof for Standard Processing" executed="True" result="Success" success="True" time="0.0497" asserts="0" description="Testing Private Function  - TestLabConfigurationMof for Standard Processing">
        <results>
          <test-case description="Is valid Powershell (Has no script errors)" name="Testing Private Function  - TestLabConfigurationMof for Standard Processing.Is valid Powershell (Has no script errors)" time="0.0497" asserts="0" success="True" result="Success" executed="True" />
        </results>
      </test-suite>
      <test-suite type="TestFixture" name="Testing Private Function  - TestLabResourceIsLocal for Standard Processing" executed="True" result="Success" success="True" time="0.0477" asserts="0" description="Testing Private Function  - TestLabResourceIsLocal for Standard Processing">
        <results>
          <test-case description="Is valid Powershell (Has no script errors)" name="Testing Private Function  - TestLabResourceIsLocal for Standard Processing.Is valid Powershell (Has no script errors)" time="0.0477" asserts="0" success="True" result="Success" executed="True" />
        </results>
      </test-suite>
      <test-suite type="TestFixture" name="Testing Private Function  - TestLabSwitch for Standard Processing" executed="True" result="Success" success="True" time="0.0541" asserts="0" description="Testing Private Function  - TestLabSwitch for Standard Processing">
        <results>
          <test-case description="Is valid Powershell (Has no script errors)" name="Testing Private Function  - TestLabSwitch for Standard Processing.Is valid Powershell (Has no script errors)" time="0.0541" asserts="0" success="True" result="Success" executed="True" />
        </results>
      </test-suite>
      <test-suite type="TestFixture" name="Testing Private Function  - TestLabVirtualMachine for Standard Processing" executed="True" result="Success" success="True" time="0.0537" asserts="0" description="Testing Private Function  - TestLabVirtualMachine for Standard Processing">
        <results>
          <test-case description="Is valid Powershell (Has no script errors)" name="Testing Private Function  - TestLabVirtualMachine for Standard Processing.Is valid Powershell (Has no script errors)" time="0.0537" asserts="0" success="True" result="Success" executed="True" />
        </results>
      </test-suite>
      <test-suite type="TestFixture" name="Testing Private Function  - TestLabVMDisk for Standard Processing" executed="True" result="Success" success="True" time="0.0503" asserts="0" description="Testing Private Function  - TestLabVMDisk for Standard Processing">
        <results>
          <test-case description="Is valid Powershell (Has no script errors)" name="Testing Private Function  - TestLabVMDisk for Standard Processing.Is valid Powershell (Has no script errors)" time="0.0503" asserts="0" success="True" result="Success" executed="True" />
        </results>
      </test-suite>
      <test-suite type="TestFixture" name="Testing Private Function  - TestModule for Standard Processing" executed="True" result="Success" success="True" time="0.0554" asserts="0" description="Testing Private Function  - TestModule for Standard Processing">
        <results>
          <test-case description="Is valid Powershell (Has no script errors)" name="Testing Private Function  - TestModule for Standard Processing.Is valid Powershell (Has no script errors)" time="0.0554" asserts="0" success="True" result="Success" executed="True" />
        </results>
      </test-suite>
      <test-suite type="TestFixture" name="Testing Private Function  - TestModuleCache for Standard Processing" executed="True" result="Success" success="True" time="0.0521" asserts="0" description="Testing Private Function  - TestModuleCache for Standard Processing">
        <results>
          <test-case description="Is valid Powershell (Has no script errors)" name="Testing Private Function  - TestModuleCache for Standard Processing.Is valid Powershell (Has no script errors)" time="0.0521" asserts="0" success="True" result="Success" executed="True" />
        </results>
      </test-suite>
      <test-suite type="TestFixture" name="Testing Private Function  - TestModuleVersion for Standard Processing" executed="True" result="Success" success="True" time="0.0585" asserts="0" description="Testing Private Function  - TestModuleVersion for Standard Processing">
        <results>
          <test-case description="Is valid Powershell (Has no script errors)" name="Testing Private Function  - TestModuleVersion for Standard Processing.Is valid Powershell (Has no script errors)" time="0.0585" asserts="0" success="True" result="Success" executed="True" />
        </results>
      </test-suite>
      <test-suite type="TestFixture" name="Testing Private Function  - TestResourceDownload for Standard Processing" executed="True" result="Success" success="True" time="0.0492" asserts="0" description="Testing Private Function  - TestResourceDownload for Standard Processing">
        <results>
          <test-case description="Is valid Powershell (Has no script errors)" name="Testing Private Function  - TestResourceDownload for Standard Processing.Is valid Powershell (Has no script errors)" time="0.0492" asserts="0" success="True" result="Success" executed="True" />
        </results>
      </test-suite>
      <test-suite type="TestFixture" name="Testing Private Function  - ValidateTimeZone for Standard Processing" executed="True" result="Success" success="True" time="0.0663" asserts="0" description="Testing Private Function  - ValidateTimeZone for Standard Processing">
        <results>
          <test-case description="Is valid Powershell (Has no script errors)" name="Testing Private Function  - ValidateTimeZone for Standard Processing.Is valid Powershell (Has no script errors)" time="0.0663" asserts="0" success="True" result="Success" executed="True" />
        </results>
      </test-suite>
      <test-suite type="TestFixture" name="Testing Private Function  - WriteVerbose for Standard Processing" executed="True" result="Success" success="True" time="0.0524" asserts="0" description="Testing Private Function  - WriteVerbose for Standard Processing">
        <results>
          <test-case description="Is valid Powershell (Has no script errors)" name="Testing Private Function  - WriteVerbose for Standard Processing.Is valid Powershell (Has no script errors)" time="0.0524" asserts="0" success="True" result="Success" executed="True" />
        </results>
      </test-suite>
      <test-suite type="TestFixture" name="Testing Private Function  - WriteWarning for Standard Processing" executed="True" result="Success" success="True" time="0.0565" asserts="0" description="Testing Private Function  - WriteWarning for Standard Processing">
        <results>
          <test-case description="Is valid Powershell (Has no script errors)" name="Testing Private Function  - WriteWarning for Standard Processing.Is valid Powershell (Has no script errors)" time="0.0565" asserts="0" success="True" result="Success" executed="True" />
        </results>
      </test-suite>
      <test-suite type="TestFixture" name="Testing Public Function  - Checkpoint-Lab for Standard Processing" executed="True" result="Success" success="True" time="0.082" asserts="0" description="Testing Public Function  - Checkpoint-Lab for Standard Processing">
        <results>
          <test-case description="Is valid Powershell (Has no script errors)" name="Testing Public Function  - Checkpoint-Lab for Standard Processing.Is valid Powershell (Has no script errors)" time="0.082" asserts="0" success="True" result="Success" executed="True" />
        </results>
      </test-suite>
      <test-suite type="TestFixture" name="Testing Public Function  - Export-LabHostConfiguration for Standard Processing" executed="True" result="Success" success="True" time="0.0532" asserts="0" description="Testing Public Function  - Export-LabHostConfiguration for Standard Processing">
        <results>
          <test-case description="Is valid Powershell (Has no script errors)" name="Testing Public Function  - Export-LabHostConfiguration for Standard Processing.Is valid Powershell (Has no script errors)" time="0.0532" asserts="0" success="True" result="Success" executed="True" />
        </results>
      </test-suite>
      <test-suite type="TestFixture" name="Testing Public Function  - Get-LabHostConfiguration for Standard Processing" executed="True" result="Success" success="True" time="0.054" asserts="0" description="Testing Public Function  - Get-LabHostConfiguration for Standard Processing">
        <results>
          <test-case description="Is valid Powershell (Has no script errors)" name="Testing Public Function  - Get-LabHostConfiguration for Standard Processing.Is valid Powershell (Has no script errors)" time="0.054" asserts="0" success="True" result="Success" executed="True" />
        </results>
      </test-suite>
      <test-suite type="TestFixture" name="Testing Public Function  - Get-LabHostDefault for Standard Processing" executed="True" result="Success" success="True" time="0.0629" asserts="0" description="Testing Public Function  - Get-LabHostDefault for Standard Processing">
        <results>
          <test-case description="Is valid Powershell (Has no script errors)" name="Testing Public Function  - Get-LabHostDefault for Standard Processing.Is valid Powershell (Has no script errors)" time="0.0629" asserts="0" success="True" result="Success" executed="True" />
        </results>
      </test-suite>
      <test-suite type="TestFixture" name="Testing Public Function  - Get-LabHostDefaults for Standard Processing" executed="True" result="Success" success="True" time="0.054" asserts="0" description="Testing Public Function  - Get-LabHostDefaults for Standard Processing">
        <results>
          <test-case description="Is valid Powershell (Has no script errors)" name="Testing Public Function  - Get-LabHostDefaults for Standard Processing.Is valid Powershell (Has no script errors)" time="0.054" asserts="0" success="True" result="Success" executed="True" />
        </results>
      </test-suite>
      <test-suite type="TestFixture" name="Testing Public Function  - Get-LabImage for Standard Processing" executed="True" result="Success" success="True" time="0.0662" asserts="0" description="Testing Public Function  - Get-LabImage for Standard Processing">
        <results>
          <test-case description="Is valid Powershell (Has no script errors)" name="Testing Public Function  - Get-LabImage for Standard Processing.Is valid Powershell (Has no script errors)" time="0.0662" asserts="0" success="True" result="Success" executed="True" />
        </results>
      </test-suite>
      <test-suite type="TestFixture" name="Testing Public Function  - Get-LabMedia for Standard Processing" executed="True" result="Success" success="True" time="0.0582" asserts="0" description="Testing Public Function  - Get-LabMedia for Standard Processing">
        <results>
          <test-case description="Is valid Powershell (Has no script errors)" name="Testing Public Function  - Get-LabMedia for Standard Processing.Is valid Powershell (Has no script errors)" time="0.0582" asserts="0" success="True" result="Success" executed="True" />
        </results>
      </test-suite>
      <test-suite type="TestFixture" name="Testing Public Function  - Get-LabVM for Standard Processing" executed="True" result="Success" success="True" time="0.0521" asserts="0" description="Testing Public Function  - Get-LabVM for Standard Processing">
        <results>
          <test-case description="Is valid Powershell (Has no script errors)" name="Testing Public Function  - Get-LabVM for Standard Processing.Is valid Powershell (Has no script errors)" time="0.0521" asserts="0" success="True" result="Success" executed="True" />
        </results>
      </test-suite>
      <test-suite type="TestFixture" name="Testing Public Function  - Get-LabVMDefault for Standard Processing" executed="True" result="Success" success="True" time="0.0561" asserts="0" description="Testing Public Function  - Get-LabVMDefault for Standard Processing">
        <results>
          <test-case description="Is valid Powershell (Has no script errors)" name="Testing Public Function  - Get-LabVMDefault for Standard Processing.Is valid Powershell (Has no script errors)" time="0.0561" asserts="0" success="True" result="Success" executed="True" />
        </results>
      </test-suite>
      <test-suite type="TestFixture" name="Testing Public Function  - Get-LabVMDefaults for Standard Processing" executed="True" result="Success" success="True" time="0.0629" asserts="0" description="Testing Public Function  - Get-LabVMDefaults for Standard Processing">
        <results>
          <test-case description="Is valid Powershell (Has no script errors)" name="Testing Public Function  - Get-LabVMDefaults for Standard Processing.Is valid Powershell (Has no script errors)" time="0.0629" asserts="0" success="True" result="Success" executed="True" />
        </results>
      </test-suite>
      <test-suite type="TestFixture" name="Testing Public Function  - Import-LabHostConfiguration for Standard Processing" executed="True" result="Success" success="True" time="0.0564" asserts="0" description="Testing Public Function  - Import-LabHostConfiguration for Standard Processing">
        <results>
          <test-case description="Is valid Powershell (Has no script errors)" name="Testing Public Function  - Import-LabHostConfiguration for Standard Processing.Is valid Powershell (Has no script errors)" time="0.0564" asserts="0" success="True" result="Success" executed="True" />
        </results>
      </test-suite>
      <test-suite type="TestFixture" name="Testing Public Function  - Invoke-LabResourceDownload for Standard Processing" executed="True" result="Success" success="True" time="0.0549" asserts="0" description="Testing Public Function  - Invoke-LabResourceDownload for Standard Processing">
        <results>
          <test-case description="Is valid Powershell (Has no script errors)" name="Testing Public Function  - Invoke-LabResourceDownload for Standard Processing.Is valid Powershell (Has no script errors)" time="0.0549" asserts="0" success="True" result="Success" executed="True" />
        </results>
      </test-suite>
      <test-suite type="TestFixture" name="Testing Public Function  - New-LabImage for Standard Processing" executed="True" result="Success" success="True" time="0.0806" asserts="0" description="Testing Public Function  - New-LabImage for Standard Processing">
        <results>
          <test-case description="Is valid Powershell (Has no script errors)" name="Testing Public Function  - New-LabImage for Standard Processing.Is valid Powershell (Has no script errors)" time="0.0806" asserts="0" success="True" result="Success" executed="True" />
        </results>
      </test-suite>
      <test-suite type="TestFixture" name="Testing Public Function  - New-LabVM for Standard Processing" executed="True" result="Success" success="True" time="0.0694" asserts="0" description="Testing Public Function  - New-LabVM for Standard Processing">
        <results>
          <test-case description="Is valid Powershell (Has no script errors)" name="Testing Public Function  - New-LabVM for Standard Processing.Is valid Powershell (Has no script errors)" time="0.0694" asserts="0" success="True" result="Success" executed="True" />
        </results>
      </test-suite>
[...]
          <test-case description="Sets &quot;Timezone&quot; value" name="Src\LabVMDefaults.Sets &quot;Timezone&quot; value" time="0.0627" asserts="0" success="True" result="Success" executed="True" />
          <test-case description="Sets &quot;InputLocale&quot; value" name="Src\LabVMDefaults.Sets &quot;InputLocale&quot; value" time="0.0827" asserts="0" success="True" result="Success" executed="True" />
          <test-case description="Sets &quot;InputLocale&quot; value" name="Src\LabVMDefaults.Sets &quot;InputLocale&quot; value" time="0.0695" asserts="0" success="True" result="Success" executed="True" />
          <test-case description="Sets &quot;SystemLocale&quot; value" name="Src\LabVMDefaults.Sets &quot;SystemLocale&quot; value" time="0.0723" asserts="0" success="True" result="Success" executed="True" />
          <test-case description="Sets &quot;UILanguage&quot; value" name="Src\LabVMDefaults.Sets &quot;UILanguage&quot; value" time="0.0802" asserts="0" success="True" result="Success" executed="True" />
          <test-case description="Sets &quot;UserLocale&quot; value" name="Src\LabVMDefaults.Sets &quot;UserLocale&quot; value" time="0.0679" asserts="0" success="True" result="Success" executed="True" />
          <test-case description="Sets &quot;RegisteredOwner&quot; value" name="Src\LabVMDefaults.Sets &quot;RegisteredOwner&quot; value" time="0.0734" asserts="0" success="True" result="Success" executed="True" />
          <test-case description="Sets &quot;RegisteredOrganization&quot; value" name="Src\LabVMDefaults.Sets &quot;RegisteredOrganization&quot; value" time="0.0804" asserts="0" success="True" result="Success" executed="True" />
          <test-case description="Sets &quot;BootDelay&quot; value" name="Src\LabVMDefaults.Sets &quot;BootDelay&quot; value" time="0.074" asserts="0" success="True" result="Success" executed="True" />
          <test-case description="Sets &quot;CustomBootstrapOrder&quot; value" name="Src\LabVMDefaults.Sets &quot;CustomBootstrapOrder&quot; value" time="0.0945" asserts="0" success="True" result="Success" executed="True" />
          <test-case description="Sets &quot;GuestIntegrationServices&quot; value" name="Src\LabVMDefaults.Sets &quot;GuestIntegrationServices&quot; value" time="0.067" asserts="0" success="True" result="Success" executed="True" />
          <test-case description="Sets &quot;ClientCertificatePath&quot; value" name="Src\LabVMDefaults.Sets &quot;ClientCertificatePath&quot; value" time="0.0759" asserts="0" success="True" result="Success" executed="True" />
          <test-case description="Sets &quot;RootCertificatePath&quot; value" name="Src\LabVMDefaults.Sets &quot;RootCertificatePath&quot; value" time="0.1286" asserts="0" success="True" result="Success" executed="True" />
          <test-case description="Throws if &quot;Timezone&quot; cannot be resolved" name="Src\LabVMDefaults.Throws if &quot;Timezone&quot; cannot be resolved" time="0.0563" asserts="0" success="True" result="Success" executed="True" />
          <test-case description="Throws if &quot;ClientCertificatePath&quot; file cannot be found" name="Src\LabVMDefaults.Throws if &quot;ClientCertificatePath&quot; file cannot be found" time="0.0736" asserts="0" success="True" result="Success" executed="True" />
          <test-case description="Throws if &quot;RootCertificatePath&quot; file cannot be found" name="Src\LabVMDefaults.Throws if &quot;RootCertificatePath&quot; file cannot be found" time="0.0659" asserts="0" success="True" result="Success" executed="True" />
          <test-case description="Throws if &quot;StartupMemory&quot; is less than &quot;MinimumMemory&quot;" name="Src\LabVMDefaults.Throws if &quot;StartupMemory&quot; is less than &quot;MinimumMemory&quot;" time="0.0609" asserts="0" success="True" result="Success" executed="True" />
          <test-case description="Throws if &quot;StartupMemory&quot; is greater than &quot;MaximumMemory&quot;" name="Src\LabVMDefaults.Throws if &quot;StartupMemory&quot; is greater than &quot;MaximumMemory&quot;" time="0.0606" asserts="0" success="True" result="Success" executed="True" />
          <test-case description="Throws if &quot;Media&quot; cannot be resolved" name="Src\LabVMDefaults.Throws if &quot;Media&quot; cannot be resolved" time="0.1183" asserts="0" success="True" result="Success" executed="True" />
          <test-case description="Calls &quot;SetConfigurationData&quot; to write data to disk" name="Src\LabVMDefaults.Calls &quot;SetConfigurationData&quot; to write data to disk" time="0.1136" asserts="0" success="True" result="Success" executed="True" />
        </results>
      </test-suite>
      <test-suite type="TestFixture" name="Src\LabVMDisk" executed="True" result="Success" success="True" time="4.9118" asserts="0" description="Src\LabVMDisk">
        <results>
          <test-case description="Appends the VM's name to the host &quot;DifferencingVhdPath&quot;" name="Src\LabVMDisk.Appends the VM's name to the host &quot;DifferencingVhdPath&quot;" time="2.4433" asserts="0" success="True" result="Success" executed="True" />
          <test-case description="Calls &quot;Get-LabMedia&quot; to resolve the parent VHDX path" name="Src\LabVMDisk.Calls &quot;Get-LabMedia&quot; to resolve the parent VHDX path" time="0.1822" asserts="0" success="True" result="Success" executed="True" />
          <test-case description="Calls &quot;GetDscResource&quot; with virtual machine name" name="Src\LabVMDisk.Calls &quot;GetDscResource&quot; with virtual machine name" time="0.0916" asserts="0" success="True" result="Success" executed="True" />
          <test-case description="Calls &quot;Get-LabImage&quot; with &quot;ConfigurationData&quot; when specified (#97)" name="Src\LabVMDisk.Calls &quot;Get-LabImage&quot; with &quot;ConfigurationData&quot; when specified (#97)" time="0.1017" asserts="0" success="True" result="Success" executed="True" />
          <test-case description="Calls &quot;Get-LabMedia&quot; to resolve the parent VHDX path" name="Src\LabVMDisk.Calls &quot;Get-LabMedia&quot; to resolve the parent VHDX path" time="0.2221" asserts="0" success="True" result="Success" executed="True" />
          <test-case description="Calls &quot;TestDscResource&quot; with virtual machine name" name="Src\LabVMDisk.Calls &quot;TestDscResource&quot; with virtual machine name" time="0.1187" asserts="0" success="True" result="Success" executed="True" />
          <test-case description="Calls &quot;TestDscResource&quot; with &quot;MaximumSize&quot; when image is not available (#104)" name="Src\LabVMDisk.Calls &quot;TestDscResource&quot; with &quot;MaximumSize&quot; when image is not available (#104)" time="0.1334" asserts="0" success="True" result="Success" executed="True" />
          <test-case description="Calls &quot;TestDscResource&quot; with &quot;VHDX&quot; when image is not available (#104)" name="Src\LabVMDisk.Calls &quot;TestDscResource&quot; with &quot;VHDX&quot; when image is not available (#104)" time="0.1372" asserts="0" success="True" result="Success" executed="True" />
          <test-case description="Calls &quot;Get-LabImage&quot; with &quot;ConfigurationData&quot; when specified (#97)" name="Src\LabVMDisk.Calls &quot;Get-LabImage&quot; with &quot;ConfigurationData&quot; when specified (#97)" time="0.1239" asserts="0" success="True" result="Success" executed="True" />
          <test-case description="Calls &quot;Get-LabMedia&quot; to resolve the parent VHDX path" name="Src\LabVMDisk.Calls &quot;Get-LabMedia&quot; to resolve the parent VHDX path" time="0.1951" asserts="0" success="True" result="Success" executed="True" />
          <test-case description="Calls &quot;InvokeDscResource&quot; with virtual machine name" name="Src\LabVMDisk.Calls &quot;InvokeDscResource&quot; with virtual machine name" time="0.1308" asserts="0" success="True" result="Success" executed="True" />
          <test-case description="Calls &quot;Get-LabImage&quot; with &quot;ConfigurationData&quot; when specified (#97)" name="Src\LabVMDisk.Calls &quot;Get-LabImage&quot; with &quot;ConfigurationData&quot; when specified (#97)" time="0.1205" asserts="0" success="True" result="Success" executed="True" />
          <test-case description="Calls &quot;Get-LabMedia&quot; to resolve the parent VHDX path" name="Src\LabVMDisk.Calls &quot;Get-LabMedia&quot; to resolve the parent VHDX path" time="0.1687" asserts="0" success="True" result="Success" executed="True" />
          <test-case description="Calls &quot;InvokeDscResource&quot; with virtual &quot;Ensure&quot; = &quot;Absent&quot;" name="Src\LabVMDisk.Calls &quot;InvokeDscResource&quot; with virtual &quot;Ensure&quot; = &quot;Absent&quot;" time="0.1243" asserts="0" success="True" result="Success" executed="True" />
          <test-case description="Calls &quot;Get-LabImage&quot; with &quot;ConfigurationData&quot; when specified (#97)" name="Src\LabVMDisk.Calls &quot;Get-LabImage&quot; with &quot;ConfigurationData&quot; when specified (#97)" time="0.1402" asserts="0" success="True" result="Success" executed="True" />
          <test-case description="Removes any existing snapshots" name="Src\LabVMDisk.Removes any existing snapshots" time="0.1853" asserts="0" success="True" result="Success" executed="True" />
          <test-case description="Removes the existing VHDX file" name="Src\LabVMDisk.Removes the existing VHDX file" time="0.0917" asserts="0" success="True" result="Success" executed="True" />
          <test-case description="Creates a new VHDX file" name="Src\LabVMDisk.Creates a new VHDX file" time="0.0993" asserts="0" success="True" result="Success" executed="True" />
          <test-case description="Calls &quot;RemoveLabVMDisk&quot; and &quot;SetLabVMDisk&quot; with &quot;ConfigurationData&quot; when specified (#97)" name="Src\LabVMDisk.Calls &quot;RemoveLabVMDisk&quot; and &quot;SetLabVMDisk&quot; with &quot;ConfigurationData&quot; when specified (#97)" time="0.102" asserts="0" success="True" result="Success" executed="True" />
        </results>
      </test-suite>
      <test-suite type="TestFixture" name="Src\LabVMDiskFile" executed="True" result="Success" success="True" time="8.8784" asserts="0" description="Src\LabVMDiskFile">
        <results>
          <test-case description="Calls &quot;InvokeModuleCacheDownload&quot; with &quot;Force&quot; when specified" name="Src\LabVMDiskFile.Calls &quot;InvokeModuleCacheDownload&quot; with &quot;Force&quot; when specified" time="2.6481" asserts="0" success="True" result="Success" executed="True" />
          <test-case description="Calls &quot;ExpandModuleCache&quot; with &quot;Clean&quot; when specified" name="Src\LabVMDiskFile.Calls &quot;ExpandModuleCache&quot; with &quot;Clean&quot; when specified" time="0.0678" asserts="0" success="True" result="Success" executed="True" />
          <test-case description="Calls &quot;ExpandLabResource&quot; using &quot;ResourceShare&quot; path" name="Src\LabVMDiskFile.Calls &quot;ExpandLabResource&quot; using &quot;ResourceShare&quot; path" time="0.1834" asserts="0" success="True" result="Success" executed="True" />
          <test-case description="Calls &quot;ResolveLabModule&quot; to query DSC resource modules" name="Src\LabVMDiskFile.Calls &quot;ResolveLabModule&quot; to query DSC resource modules" time="0.2039" asserts="0" success="True" result="Success" executed="True" />
          <test-case description="Calls &quot;ResolveLabModule&quot; to query PowerShell modules" name="Src\LabVMDiskFile.Calls &quot;ResolveLabModule&quot; to query PowerShell modules" time="0.0986" asserts="0" success="True" result="Success" executed="True" />
          <test-case description="Calls &quot;SetLabVMDiskModule&quot; to expand modules" name="Src\LabVMDiskFile.Calls &quot;SetLabVMDiskModule&quot; to expand modules" time="0.1189" asserts="0" success="True" result="Success" executed="True" />
          <test-case description="Calls &quot;SetUnattendXml&quot; to create &quot;\Windows\System32\Sysprep\Unattend.xml&quot; file" name="Src\LabVMDiskFile.Calls &quot;SetUnattendXml&quot; to create &quot;\Windows\System32\Sysprep\Unattend.xml&quot; file" time="0.1849" asserts="0" success="True" result="Success" executed="True" />
          <test-case description="Passes node &quot;ProductKey&quot; when specified (#134)" name="Src\LabVMDiskFile.Passes node &quot;ProductKey&quot; when specified (#134)" time="0.1005" asserts="0" success="True" result="Success" executed="True" />
          <test-case description="Passes media &quot;ProductKey&quot; when specified (#134)" name="Src\LabVMDiskFile.Passes media &quot;ProductKey&quot; when specified (#134)" time="0.0909" asserts="0" success="True" result="Success" executed="True" />
          <test-case description="Passes node &quot;ProductKey&quot; when node and media key specified (#134)" name="Src\LabVMDiskFile.Passes node &quot;ProductKey&quot; when node and media key specified (#134)" time="0.1179" asserts="0" success="True" result="Success" executed="True" />
          <test-case description="Calls &quot;SetBootStrap&quot; to inject default bootstrap" name="Src\LabVMDiskFile.Calls &quot;SetBootStrap&quot; to inject default bootstrap" time="0.1364" asserts="0" success="True" result="Success" executed="True" />
          <test-case description="Calls &quot;SetBootStrap&quot; to inject custom bootstrap when specified" name="Src\LabVMDiskFile.Calls &quot;SetBootStrap&quot; to inject custom bootstrap when specified" time="0.0669" asserts="0" success="True" result="Success" executed="True" />
          <test-case description="Calls &quot;SetBootStrap&quot; with &quot;CoreCLR&quot; to inject CoreCLR bootstrap when specified" name="Src\LabVMDiskFile.Calls &quot;SetBootStrap&quot; with &quot;CoreCLR&quot; to inject CoreCLR bootstrap when specified" time="0.092" asserts="0" success="True" result="Success" executed="True" />
          <test-case description="Calls &quot;SetSetupCompleteCmd&quot; with &quot;\Windows\Setup\Scripts&quot; path" name="Src\LabVMDiskFile.Calls &quot;SetSetupCompleteCmd&quot; with &quot;\Windows\Setup\Scripts&quot; path" time="0.0864" asserts="0" success="True" result="Success" executed="True" />
          <test-case description="Warns if .mof file cannot be found" name="Src\LabVMDiskFile.Warns if .mof file cannot be found" time="0.155" asserts="0" success="True" result="Success" executed="True" />
          <test-case description="Copies .mof file if found" name="Src\LabVMDiskFile.Copies .mof file if found" time="0.131" asserts="0" success="True" result="Success" executed="True" />
          <test-case description="Copies .meta.mof file if found" name="Src\LabVMDiskFile.Copies .meta.mof file if found" time="0.104" asserts="0" success="True" result="Success" executed="True" />
          <test-case description="Copies default client certificate" name="Src\LabVMDiskFile.Copies default client certificate" time="0.2084" asserts="0" success="True" result="Success" executed="True" />
          <test-case description="Copies default root certificate" name="Src\LabVMDiskFile.Copies default root certificate" time="0.1053" asserts="0" success="True" result="Success" executed="True" />
          <test-case description="Copies custom client certificate" name="Src\LabVMDiskFile.Copies custom client certificate" time="0.1156" asserts="0" success="True" result="Success" executed="True" />
          <test-case description="Copies custom root certificate" name="Src\LabVMDiskFile.Copies custom root certificate" time="0.1353" asserts="0" success="True" result="Success" executed="True" />
          <test-case description="Stops &quot;ShellHWDetection&quot; service" name="Src\LabVMDiskFile.Stops &quot;ShellHWDetection&quot; service" time="0.4391" asserts="0" success="True" result="Success" executed="True" />
          <test-case description="Mounts virtual machine VHDX file" name="Src\LabVMDiskFile.Mounts virtual machine VHDX file" time="0.2071" asserts="0" success="True" result="Success" executed="True" />
          <test-case description="Starts &quot;ShellHWDetection&quot; service" name="Src\LabVMDiskFile.Starts &quot;ShellHWDetection&quot; service" time="0.5509" asserts="0" success="True" result="Success" executed="True" />
          <test-case description="Calls &quot;SetLabVMDiskFileResource&quot; to copy node resources" name="Src\LabVMDiskFile.Calls &quot;SetLabVMDiskFileResource&quot; to copy node resources" time="0.831" asserts="0" success="True" result="Success" executed="True" />
          <test-case description="Calls &quot;SetLabVMDiskFileBootstrap&quot; to copy Lability bootstrap" name="Src\LabVMDiskFile.Calls &quot;SetLabVMDiskFileBootstrap&quot; to copy Lability bootstrap" time="0.311" asserts="0" success="True" result="Success" executed="True" />
          <test-case description="Calls &quot;SetLabVMDiskFileUnattendXml&quot; to copy unattended installation file" name="Src\LabVMDiskFile.Calls &quot;SetLabVMDiskFileUnattendXml&quot; to copy unattended installation file" time="0.2448" asserts="0" success="True" result="Success" executed="True" />
          <test-case description="Calls &quot;SetLabVMDiskFileMof&quot; to copy node DSC configuaration files" name="Src\LabVMDiskFile.Calls &quot;SetLabVMDiskFileMof&quot; to copy node DSC configuaration files" time="0.2723" asserts="0" success="True" result="Success" executed="True" />
          <test-case description="Calls &quot;SetLabVMDiskFileCertificate&quot; to copy node certificate files" name="Src\LabVMDiskFile.Calls &quot;SetLabVMDiskFileCertificate&quot; to copy node certificate files" time="0.2879" asserts="0" success="True" result="Success" executed="True" />
          <test-case description="Calls &quot;SetLabVMDiskFileModule&quot; to copy PowerShell/DSC resource modules" name="Src\LabVMDiskFile.Calls &quot;SetLabVMDiskFileModule&quot; to copy PowerShell/DSC resource modules" time="0.3263" asserts="0" success="True" result="Success" executed="True" />
          <test-case description="Dismounts virtual machine VHDX file" name="Src\LabVMDiskFile.Dismounts virtual machine VHDX file" time="0.257" asserts="0" success="True" result="Success" executed="True" />
        </results>
      </test-suite>
      <test-suite type="TestFixture" name="Src\LabVMSnapshot" executed="True" result="Success" success="True" time="3.1065" asserts="0" description="Src\LabVMSnapshot">
        <results>
          <test-case description="Calls &quot;Get-VMSnapshot&quot; for each virtual machine specified" name="Src\LabVMSnapshot.Calls &quot;Get-VMSnapshot&quot; for each virtual machine specified" time="2.6133" asserts="0" success="True" result="Success" executed="True" />
          <test-case description="Calls &quot;Remove-VMSnapshot&quot; for each virtual machine snapshot" name="Src\LabVMSnapshot.Calls &quot;Remove-VMSnapshot&quot; for each virtual machine snapshot" time="0.1222" asserts="0" success="True" result="Success" executed="True" />
          <test-case description="Calls &quot;Checkpoint-VM&quot; for each virtual machine specified" name="Src\LabVMSnapshot.Calls &quot;Checkpoint-VM&quot; for each virtual machine specified" time="0.1588" asserts="0" success="True" result="Success" executed="True" />
          <test-case description="Calls &quot;Get-VMSnapshot&quot; for each virtual machine specified" name="Src\LabVMSnapshot.Calls &quot;Get-VMSnapshot&quot; for each virtual machine specified" time="0.1536" asserts="0" success="True" result="Success" executed="True" />
          <test-case description="Warns when snapshot name cannot be found" name="Src\LabVMSnapshot.Warns when snapshot name cannot be found" time="0.0585" asserts="0" success="True" result="Success" executed="True" />
        </results>
      </test-suite>
    </results>
  </test-suite>
</test-results>